0 info it worked if it ends with ok
1 verbose cli [ '/usr/bin/node', '/usr/bin/npm', 'install', '-g', 'plugman' ]
2 info using npm@1.3.11
3 info using node@v0.10.20
4 verbose node symlink /usr/bin/node
5 verbose cache add [ 'plugman', null ]
6 verbose cache add name=undefined spec="plugman" args=["plugman",null]
7 verbose parsed url { protocol: null,
7 verbose parsed url   slashes: null,
7 verbose parsed url   auth: null,
7 verbose parsed url   host: null,
7 verbose parsed url   port: null,
7 verbose parsed url   hostname: null,
7 verbose parsed url   hash: null,
7 verbose parsed url   search: null,
7 verbose parsed url   query: null,
7 verbose parsed url   pathname: 'plugman',
7 verbose parsed url   path: 'plugman',
7 verbose parsed url   href: 'plugman' }
8 silly lockFile 3c17847d-plugman plugman
9 verbose lock plugman /home/vagrant/.npm/3c17847d-plugman.lock
10 silly lockFile 3c17847d-plugman plugman
11 silly lockFile 3c17847d-plugman plugman
12 verbose addNamed [ 'plugman', '' ]
13 verbose addNamed [ null, '*' ]
14 silly lockFile 9ad59204-plugman plugman@
15 verbose lock plugman@ /home/vagrant/.npm/9ad59204-plugman.lock
16 silly addNameRange { name: 'plugman', range: '*', hasData: false }
17 verbose url raw plugman
18 verbose url resolving [ 'https://registry.npmjs.org/', './plugman' ]
19 verbose url resolved https://registry.npmjs.org/plugman
20 info trying registry request attempt 1 at 12:38:32
21 http GET https://registry.npmjs.org/plugman
22 http 200 https://registry.npmjs.org/plugman
23 silly registry.get cb [ 200,
23 silly registry.get   { vary: 'Accept',
23 silly registry.get     server: 'CouchDB/1.3.1 (Erlang OTP/R15B03)',
23 silly registry.get     etag: '"DYMES0HPX2QDQKXNEJ9NDIGJM"',
23 silly registry.get     date: 'Wed, 16 Oct 2013 12:38:33 GMT',
23 silly registry.get     'content-type': 'application/json',
23 silly registry.get     'content-length': '635196' } ]
24 silly addNameRange number 2 { name: 'plugman', range: '*', hasData: true }
25 silly addNameRange versions [ 'plugman',
25 silly addNameRange   [ '0.5.6',
25 silly addNameRange     '0.5.7',
25 silly addNameRange     '0.5.8',
25 silly addNameRange     '0.5.9',
25 silly addNameRange     '0.6.0',
25 silly addNameRange     '0.6.1',
25 silly addNameRange     '0.6.2',
25 silly addNameRange     '0.6.3',
25 silly addNameRange     '0.7.0',
25 silly addNameRange     '0.7.1',
25 silly addNameRange     '0.7.2',
25 silly addNameRange     '0.7.3',
25 silly addNameRange     '0.7.4',
25 silly addNameRange     '0.7.5',
25 silly addNameRange     '0.7.6',
25 silly addNameRange     '0.7.7',
25 silly addNameRange     '0.7.8',
25 silly addNameRange     '0.7.9',
25 silly addNameRange     '0.7.10',
25 silly addNameRange     '0.7.11',
25 silly addNameRange     '0.7.12',
25 silly addNameRange     '0.7.13',
25 silly addNameRange     '0.7.14',
25 silly addNameRange     '0.8.0',
25 silly addNameRange     '0.8.1',
25 silly addNameRange     '0.8.2',
25 silly addNameRange     '0.9.0',
25 silly addNameRange     '0.9.1',
25 silly addNameRange     '0.9.2',
25 silly addNameRange     '0.9.3',
25 silly addNameRange     '0.9.4',
25 silly addNameRange     '0.9.5',
25 silly addNameRange     '0.9.6',
25 silly addNameRange     '0.9.7',
25 silly addNameRange     '0.9.8',
25 silly addNameRange     '0.9.9',
25 silly addNameRange     '0.9.10',
25 silly addNameRange     '0.9.11',
25 silly addNameRange     '0.9.20',
25 silly addNameRange     '0.9.21',
25 silly addNameRange     '0.9.22',
25 silly addNameRange     '0.9.23',
25 silly addNameRange     '0.10.0',
25 silly addNameRange     '0.10.1',
25 silly addNameRange     '0.11.0',
25 silly addNameRange     '0.12.0',
25 silly addNameRange     '0.13.0' ] ]
26 verbose addNamed [ 'plugman', '0.13.0' ]
27 verbose addNamed [ '0.13.0', '0.13.0' ]
28 silly lockFile 2e31ed9b-plugman-0-13-0 plugman@0.13.0
29 verbose lock plugman@0.13.0 /home/vagrant/.npm/2e31ed9b-plugman-0-13-0.lock
30 silly lockFile 5ed62ee7-s-org-plugman-plugman-0-13-0-tgz https://registry.npmjs.org/plugman/-/plugman-0.13.0.tgz
31 verbose lock https://registry.npmjs.org/plugman/-/plugman-0.13.0.tgz /home/vagrant/.npm/5ed62ee7-s-org-plugman-plugman-0-13-0-tgz.lock
32 verbose addRemoteTarball [ 'https://registry.npmjs.org/plugman/-/plugman-0.13.0.tgz',
32 verbose addRemoteTarball   '65cf16a5c71ff962b0bd8b45291f089edc2056c0' ]
33 silly lockFile 5ed62ee7-s-org-plugman-plugman-0-13-0-tgz https://registry.npmjs.org/plugman/-/plugman-0.13.0.tgz
34 silly lockFile 5ed62ee7-s-org-plugman-plugman-0-13-0-tgz https://registry.npmjs.org/plugman/-/plugman-0.13.0.tgz
35 silly lockFile 2e31ed9b-plugman-0-13-0 plugman@0.13.0
36 silly lockFile 2e31ed9b-plugman-0-13-0 plugman@0.13.0
37 silly lockFile 9ad59204-plugman plugman@
38 silly lockFile 9ad59204-plugman plugman@
39 error Error: EACCES, mkdir '/home/vagrant/tmp/npm-2450-7UdJs-A4'
39 error  { [Error: EACCES, mkdir '/home/vagrant/tmp/npm-2450-7UdJs-A4']
39 error   errno: 3,
39 error   code: 'EACCES',
39 error   path: '/home/vagrant/tmp/npm-2450-7UdJs-A4' }
40 error Please try running this command again as root/Administrator.
41 error System Linux 3.2.0-23-generic-pae
42 error command "/usr/bin/node" "/usr/bin/npm" "install" "-g" "plugman"
43 error cwd /vagrant/mobileapp
44 error node -v v0.10.20
45 error npm -v 1.3.11
46 error path /home/vagrant/tmp/npm-2450-7UdJs-A4
47 error code EACCES
48 error errno 3
49 error stack Error: EACCES, mkdir '/home/vagrant/tmp/npm-2450-7UdJs-A4'
50 verbose exit [ 3, true ]
